INFO:  latexindent version 3.24.4, 2024-07-18, a script to indent .tex files
       latexindent lives here: /usr/share/texlive/texmf-dist/scripts/latexindent/
       Thu Apr  9 10:49:29 2026
       Filename: /home/juferoga/repos/ud/maestria/papers/pp-pipe-dt/manuscript/manuscript_es.tex
INFO:  Processing switches:
       -s|--silent: Silent mode active (you have used either -s or --silent)
       -w|--overwrite: Overwrite mode active, will make a back up before overwriting
INFO:  Directory for backup files and log file indent.log:
       /home/juferoga/repos/ud/maestria/papers/pp-pipe-dt/manuscript
INFO:  YAML settings read: defaultSettings.yaml
       Reading defaultSettings.yaml from /usr/share/texlive/texmf-dist/scripts/latexindent/defaultSettings.yaml
INFO:  YAML reading settings
       Home directory is /home/juferoga
       latexindent.pl didn't find indentconfig.yaml or .indentconfig.yaml
       see all possible locations: https://latexindentpl.readthedocs.io/en/latest/sec-appendices.html#indentconfig-options)
INFO:  Backup procedure (-w flag active):
       /home/juferoga/repos/ud/maestria/papers/pp-pipe-dt/manuscript/manuscript_es.bak0 already exists, incrementing by 1 (see maxNumberOfBackUps)
       /home/juferoga/repos/ud/maestria/papers/pp-pipe-dt/manuscript/manuscript_es.bak1 already exists, incrementing by 1 (see maxNumberOfBackUps)
       /home/juferoga/repos/ud/maestria/papers/pp-pipe-dt/manuscript/manuscript_es.bak2 already exists, incrementing by 1 (see maxNumberOfBackUps)
       /home/juferoga/repos/ud/maestria/papers/pp-pipe-dt/manuscript/manuscript_es.bak3 already exists, incrementing by 1 (see maxNumberOfBackUps)
       /home/juferoga/repos/ud/maestria/papers/pp-pipe-dt/manuscript/manuscript_es.bak4 already exists, incrementing by 1 (see maxNumberOfBackUps)
       /home/juferoga/repos/ud/maestria/papers/pp-pipe-dt/manuscript/manuscript_es.bak5 already exists, incrementing by 1 (see maxNumberOfBackUps)
       /home/juferoga/repos/ud/maestria/papers/pp-pipe-dt/manuscript/manuscript_es.bak6 already exists, incrementing by 1 (see maxNumberOfBackUps)
       /home/juferoga/repos/ud/maestria/papers/pp-pipe-dt/manuscript/manuscript_es.bak7 already exists, incrementing by 1 (see maxNumberOfBackUps)
       /home/juferoga/repos/ud/maestria/papers/pp-pipe-dt/manuscript/manuscript_es.bak8 already exists, incrementing by 1 (see maxNumberOfBackUps)
       Backing up /home/juferoga/repos/ud/maestria/papers/pp-pipe-dt/manuscript/manuscript_es.tex to /home/juferoga/repos/ud/maestria/papers/pp-pipe-dt/manuscript/manuscript_es.bak9...
       /home/juferoga/repos/ud/maestria/papers/pp-pipe-dt/manuscript/manuscript_es.tex will be overwritten after indentation
INFO:  Phase 1: searching for objects
INFO:  Phase 2: finding surrounding indentation
INFO:  Phase 3: indenting objects
INFO:  Phase 4: final indentation check
INFO:  Output routine:
       Overwriting file /home/juferoga/repos/ud/maestria/papers/pp-pipe-dt/manuscript/manuscript_es.tex
       --------------
INFO:  Please direct all communication/issues to:
        https://github.com/cmhughes/latexindent.pl
